2014.11.11 11:38 B I:\Joe\img\AWD Logo.psd --> ftp-lsnhs-h5.lsr7.org /Joe/img AWD Logo.psd
2014.11.11 11:38 B I:\Joe\img\AWD Team.psd --> ftp-lsnhs-h5.lsr7.org /Joe/img AWD Team.psd
2014.11.11 11:38 B I:\Joe\img\AWD-Logo.jpg --> ftp-lsnhs-h5.lsr7.org /Joe/img AWD-Logo.jpg
2014.11.11 11:38 B I:\Joe\img\AWD-Team.jpg --> ftp-lsnhs-h5.lsr7.org /Joe/img AWD-Team.jpg
2014.11.11 11:38 B I:\Joe\img\bb.JPG --> ftp-lsnhs-h5.lsr7.org /Joe/img bb.JPG
2014.11.11 11:38 B I:\Joe\img\choir.jpg --> ftp-lsnhs-h5.lsr7.org /Joe/img choir.jpg
2014.11.11 11:38 B I:\Joe\img\comp.jpg --> ftp-lsnhs-h5.lsr7.org /Joe/img comp.jpg
2014.11.11 11:38 B I:\Joe\img\cs.jpg --> ftp-lsnhs-h5.lsr7.org /Joe/img cs.jpg
2014.11.11 11:38 B I:\Joe\img\eagle.jpg --> ftp-lsnhs-h5.lsr7.org /Joe/img eagle.jpg
2014.11.11 11:38 B I:\Joe\img\fv.ico --> ftp-lsnhs-h5.lsr7.org /Joe/img fv.ico
2014.11.11 11:38 B I:\Joe\img\Joe Birthmark 3.jpg --> ftp-lsnhs-h5.lsr7.org /Joe/img Joe Birthmark 3.jpg
2014.11.11 11:38 B I:\Joe\img\me.jpg --> ftp-lsnhs-h5.lsr7.org /Joe/img me.jpg
2014.11.11 11:38 B I:\Joe\img\Thumbs.db --> ftp-lsnhs-h5.lsr7.org /Joe/img Thumbs.db
2014.11.11 11:38 B I:\Joe\img\web.jpg --> ftp-lsnhs-h5.lsr7.org /Joe/img web.jpg
2014.11.11 11:38 B I:\Joe\img\WinDoge-2.jpg --> ftp-lsnhs-h5.lsr7.org /Joe/img WinDoge-2.jpg
2014.11.11 11:38 B I:\Joe\img\ws.jpg --> ftp-lsnhs-h5.lsr7.org /Joe/img ws.jpg
2014.11.11 11:47 B I:\Joe\img\AWD Logo.psd --> ftp-lsnhs-h5.lsr7.org /Joe/img AWD Logo.psd
2014.11.11 11:48 B I:\Joe\img\AWD Team.psd --> ftp-lsnhs-h5.lsr7.org /Joe/img AWD Team.psd
2014.11.11 11:48 B I:\Joe\img\AWD-Logo.jpg --> ftp-lsnhs-h5.lsr7.org /Joe/img AWD-Logo.jpg
2014.11.11 11:48 B I:\Joe\img\AWD-Team.jpg --> ftp-lsnhs-h5.lsr7.org /Joe/img AWD-Team.jpg
2014.11.11 11:48 B I:\Joe\img\choir.jpg --> ftp-lsnhs-h5.lsr7.org /Joe/img choir.jpg
2014.11.11 11:48 B I:\Joe\img\me.jpg --> ftp-lsnhs-h5.lsr7.org /Joe/img me.jpg
2014.11.11 11:48 B I:\Joe\img\Thumbs.db --> ftp-lsnhs-h5.lsr7.org /Joe/img Thumbs.db
2014.11.11 11:48 B I:\Joe\img\ws.jpg --> ftp-lsnhs-h5.lsr7.org /Joe/img ws.jpg
2014.11.11 11:48 B I:\Joe\img\WS_FTP.LOG --> ftp-lsnhs-h5.lsr7.org /Joe/img WS_FTP.LOG
2014.11.13 11:20 B E:\Joe\img\AWD Logo.psd --> ftp-lsnhs-h5.lsr7.org /Joe/img AWD Logo.psd
2014.11.13 11:20 B E:\Joe\img\AWD Team.psd --> ftp-lsnhs-h5.lsr7.org /Joe/img AWD Team.psd
2014.11.13 11:20 B E:\Joe\img\AWD-Logo.jpg --> ftp-lsnhs-h5.lsr7.org /Joe/img AWD-Logo.jpg
2014.11.13 11:20 B E:\Joe\img\AWD-Team.jpg --> ftp-lsnhs-h5.lsr7.org /Joe/img AWD-Team.jpg
2014.11.13 11:20 B E:\Joe\img\bb.JPG --> ftp-lsnhs-h5.lsr7.org /Joe/img bb.JPG
2014.11.13 11:20 B E:\Joe\img\choir.jpg --> ftp-lsnhs-h5.lsr7.org /Joe/img choir.jpg
2014.11.13 11:20 B E:\Joe\img\cs.jpg --> ftp-lsnhs-h5.lsr7.org /Joe/img cs.jpg
2014.11.13 11:20 B E:\Joe\img\eagle.jpg --> ftp-lsnhs-h5.lsr7.org /Joe/img eagle.jpg
2014.11.13 11:20 B E:\Joe\img\me.jpg --> ftp-lsnhs-h5.lsr7.org /Joe/img me.jpg
2014.11.13 11:20 B E:\Joe\img\Thumbs.db --> ftp-lsnhs-h5.lsr7.org /Joe/img Thumbs.db
2014.11.13 11:20 B E:\Joe\img\web.jpg --> ftp-lsnhs-h5.lsr7.org /Joe/img web.jpg
2014.11.13 11:20 B E:\Joe\img\WinDoge-2.jpg --> ftp-lsnhs-h5.lsr7.org /Joe/img WinDoge-2.jpg
2014.11.13 11:20 B E:\Joe\img\ws.jpg --> ftp-lsnhs-h5.lsr7.org /Joe/img ws.jpg
