2014.11.11 11:38 B I:\Joe\fonts\fontawesome-webfont.eot --> ftp-lsnhs-h5.lsr7.org /Joe/fonts fontawesome-webfont.eot
2014.11.11 11:38 B I:\Joe\fonts\fontawesome-webfont.svg --> ftp-lsnhs-h5.lsr7.org /Joe/fonts fontawesome-webfont.svg
2014.11.11 11:38 B I:\Joe\fonts\fontawesome-webfont.ttf --> ftp-lsnhs-h5.lsr7.org /Joe/fonts fontawesome-webfont.ttf
2014.11.11 11:38 B I:\Joe\fonts\fontawesome-webfont.woff --> ftp-lsnhs-h5.lsr7.org /Joe/fonts fontawesome-webfont.woff
2014.11.11 11:38 B I:\Joe\fonts\FontAwesome.otf --> ftp-lsnhs-h5.lsr7.org /Joe/fonts FontAwesome.otf
2014.11.11 11:38 B I:\Joe\fonts\glyphicons-halflings-regular.eot --> ftp-lsnhs-h5.lsr7.org /Joe/fonts glyphicons-halflings-regular.eot
2014.11.11 11:38 B I:\Joe\fonts\glyphicons-halflings-regular.svg --> ftp-lsnhs-h5.lsr7.org /Joe/fonts glyphicons-halflings-regular.svg
2014.11.11 11:38 B I:\Joe\fonts\glyphicons-halflings-regular.ttf --> ftp-lsnhs-h5.lsr7.org /Joe/fonts glyphicons-halflings-regular.ttf
2014.11.11 11:38 B I:\Joe\fonts\glyphicons-halflings-regular.woff --> ftp-lsnhs-h5.lsr7.org /Joe/fonts glyphicons-halflings-regular.woff
2014.11.11 11:47 B I:\Joe\fonts\fontawesome-webfont.eot --> ftp-lsnhs-h5.lsr7.org /Joe/fonts fontawesome-webfont.eot
2014.11.11 11:47 B I:\Joe\fonts\fontawesome-webfont.svg --> ftp-lsnhs-h5.lsr7.org /Joe/fonts fontawesome-webfont.svg
2014.11.11 11:47 B I:\Joe\fonts\fontawesome-webfont.ttf --> ftp-lsnhs-h5.lsr7.org /Joe/fonts fontawesome-webfont.ttf
2014.11.11 11:47 B I:\Joe\fonts\fontawesome-webfont.woff --> ftp-lsnhs-h5.lsr7.org /Joe/fonts fontawesome-webfont.woff
2014.11.11 11:47 B I:\Joe\fonts\FontAwesome.otf --> ftp-lsnhs-h5.lsr7.org /Joe/fonts FontAwesome.otf
2014.11.11 11:47 B I:\Joe\fonts\glyphicons-halflings-regular.eot --> ftp-lsnhs-h5.lsr7.org /Joe/fonts glyphicons-halflings-regular.eot
2014.11.11 11:47 B I:\Joe\fonts\glyphicons-halflings-regular.svg --> ftp-lsnhs-h5.lsr7.org /Joe/fonts glyphicons-halflings-regular.svg
2014.11.11 11:47 B I:\Joe\fonts\glyphicons-halflings-regular.ttf --> ftp-lsnhs-h5.lsr7.org /Joe/fonts glyphicons-halflings-regular.ttf
2014.11.11 11:47 B I:\Joe\fonts\glyphicons-halflings-regular.woff --> ftp-lsnhs-h5.lsr7.org /Joe/fonts glyphicons-halflings-regular.woff
2014.11.11 11:47 B I:\Joe\fonts\WS_FTP.LOG --> ftp-lsnhs-h5.lsr7.org /Joe/fonts WS_FTP.LOG
2014.11.13 11:20 B E:\Joe\fonts\fontawesome-webfont.eot --> ftp-lsnhs-h5.lsr7.org /Joe/fonts fontawesome-webfont.eot
2014.11.13 11:20 B E:\Joe\fonts\fontawesome-webfont.svg --> ftp-lsnhs-h5.lsr7.org /Joe/fonts fontawesome-webfont.svg
2014.11.13 11:20 B E:\Joe\fonts\fontawesome-webfont.ttf --> ftp-lsnhs-h5.lsr7.org /Joe/fonts fontawesome-webfont.ttf
2014.11.13 11:20 B E:\Joe\fonts\fontawesome-webfont.woff --> ftp-lsnhs-h5.lsr7.org /Joe/fonts fontawesome-webfont.woff
2014.11.13 11:20 B E:\Joe\fonts\FontAwesome.otf --> ftp-lsnhs-h5.lsr7.org /Joe/fonts FontAwesome.otf
2014.11.13 11:20 B E:\Joe\fonts\glyphicons-halflings-regular.eot --> ftp-lsnhs-h5.lsr7.org /Joe/fonts glyphicons-halflings-regular.eot
2014.11.13 11:20 B E:\Joe\fonts\glyphicons-halflings-regular.svg --> ftp-lsnhs-h5.lsr7.org /Joe/fonts glyphicons-halflings-regular.svg
2014.11.13 11:20 B E:\Joe\fonts\glyphicons-halflings-regular.ttf --> ftp-lsnhs-h5.lsr7.org /Joe/fonts glyphicons-halflings-regular.ttf
2014.11.13 11:20 B E:\Joe\fonts\glyphicons-halflings-regular.woff --> ftp-lsnhs-h5.lsr7.org /Joe/fonts glyphicons-halflings-regular.woff
